  fileutils.c
  main.c
C:\Users\Guillaume\Documents\MineXPlore_item_mat_tool\MineXPlore_item_mat_tool\main.c(32,17): warning C4133: '=': incompatible types - from 'wordBank *' to 'attNameList *'
C:\Users\Guillaume\Documents\MineXPlore_item_mat_tool\MineXPlore_item_mat_tool\main.c(9,16): warning C4101: 'destinationFile': unreferenced local variable
  strutils.c
C:\Users\Guillaume\Documents\MineXPlore_item_mat_tool\MineXPlore_item_mat_tool\strutils.c(151,23): warning C4047: 'function': 'const char *' differs in levels of indirection from 'const char'
C:\Users\Guillaume\Documents\MineXPlore_item_mat_tool\MineXPlore_item_mat_tool\strutils.c(151,20): warning C4024: 'strstr': different types for formal and actual parameter 1
C:\Users\Guillaume\Documents\MineXPlore_item_mat_tool\MineXPlore_item_mat_tool\strutils.c(151,49): warning C4047: '==': 'char *' differs in levels of indirection from 'int'
C:\Users\Guillaume\Documents\MineXPlore_item_mat_tool\MineXPlore_item_mat_tool\strutils.c(153,28): warning C4267: '+=': conversion from 'size_t' to 'int', possible loss of data
C:\Users\Guillaume\Documents\MineXPlore_item_mat_tool\MineXPlore_item_mat_tool\strutils.c(182,47): warning C4047: 'function': 'const char *' differs in levels of indirection from 'const char'
C:\Users\Guillaume\Documents\MineXPlore_item_mat_tool\MineXPlore_item_mat_tool\strutils.c(182,39): warning C4024: 'strstr': different types for formal and actual parameter 1
C:\Users\Guillaume\Documents\MineXPlore_item_mat_tool\MineXPlore_item_mat_tool\strutils.c(190,43): warning C4047: 'function': 'const char *' differs in levels of indirection from 'const char'
C:\Users\Guillaume\Documents\MineXPlore_item_mat_tool\MineXPlore_item_mat_tool\strutils.c(190,35): warning C4024: 'strncpy': different types for formal and actual parameter 2
C:\Users\Guillaume\Documents\MineXPlore_item_mat_tool\MineXPlore_item_mat_tool\strutils.c(200,42): warning C4047: 'function': 'const char *' differs in levels of indirection from 'const char'
C:\Users\Guillaume\Documents\MineXPlore_item_mat_tool\MineXPlore_item_mat_tool\strutils.c(200,34): warning C4024: 'strncpy': different types for formal and actual parameter 2
C:\Users\Guillaume\Documents\MineXPlore_item_mat_tool\MineXPlore_item_mat_tool\strutils.c(164,19): warning C4267: 'initializing': conversion from 'size_t' to 'int', possible loss of data
C:\Users\Guillaume\Documents\MineXPlore_item_mat_tool\MineXPlore_item_mat_tool\strutils.c(165,19): warning C4267: 'initializing': conversion from 'size_t' to 'int', possible loss of data
C:\Users\Guillaume\Documents\MineXPlore_item_mat_tool\MineXPlore_item_mat_tool\strutils.c(166,18): warning C4267: 'initializing': conversion from 'size_t' to 'int', possible loss of data
C:\Users\Guillaume\Documents\MineXPlore_item_mat_tool\MineXPlore_item_mat_tool\strutils.c(185,7): warning C4047: 'initializing': 'int' differs in levels of indirection from 'char *'
  Generating Code...
C:\Users\Guillaume\Documents\MineXPlore_item_mat_tool\MineXPlore_item_mat_tool\strutils.c(122): warning C4172: returning address of local variable or temporary: buff
C:\Users\Guillaume\Documents\MineXPlore_item_mat_tool\MineXPlore_item_mat_tool\strutils.c(139): warning C4172: returning address of local variable or temporary: buff
C:\Users\Guillaume\Documents\MineXPlore_item_mat_tool\MineXPlore_item_mat_tool\strutils.c(131): warning C4172: returning address of local variable or temporary: buff
C:\Users\Guillaume\Documents\MineXPlore_item_mat_tool\MineXPlore_item_mat_tool\fileutils.c(78): warning C4172: returning address of local variable or temporary: buff
  MineXPlore_item_mat_tool.vcxproj -> C:\Users\Guillaume\Documents\MineXPlore_item_mat_tool\x64\Debug\MineXPlore_item_mat_tool.exe
